<?xml version="1.0" encoding="UTF-8"?>
<!-- Generated by org.testng.reporters.JUnitXMLReporter -->
<testsuite hostname="Sanjay-Mac-mini" name="001_TC_IOS_VerifyHomePage" tests="3" failures="0" timestamp="10 Jun 2016 07:54:50 GMT" time="183.18" errors="0">
  <testcase name="openApplication" time="1.985" classname="applicationComponent.Topfan.IOSAppAc"/>
  <testcase name="verifyHomePage" time="129.882" classname="applicationComponent.Topfan.IOSAppAc"/>
  <testcase name="closeApplication" time="0.057" classname="applicationComponent.Topfan.IOSAppAc"/>
</testsuite> <!-- 001_TC_IOS_VerifyHomePage -->
