<?xml version="1.0" encoding="UTF-8"?>
<!-- Generated by org.testng.reporters.JUnitXMLReporter -->
<testsuite hostname="KT-MAC-31.local" name="001_TC_AppRegistration" tests="3" failures="0" timestamp="2 May 2016 07:55:58 GMT" time="70.093" errors="0">
  <testcase name="openApplication" time="12.634" classname="applicationComponent.Mahalo.AndroidAppAc"/>
  <testcase name="appRegistration" time="24.515" classname="applicationComponent.Mahalo.AndroidAppAc"/>
  <testcase name="closeApplication" time="1.783" classname="applicationComponent.Mahalo.AndroidAppAc"/>
</testsuite> <!-- 001_TC_AppRegistration -->
