<?xml version="1.0" encoding="UTF-8"?>
<!-- Generated by org.testng.reporters.JUnitXMLReporter -->
<testsuite hostname="Sanjay-Mac-mini.local" name="001_TC_IOS_AppRegistration" tests="3" failures="0" timestamp="1 Jun 2016 11:36:48 GMT" time="15.731" errors="0">
  <testcase name="openApplication" time="0.01" classname="applicationComponent.Eplanner.IOSAppAc"/>
  <testcase name="addIndependentTask" time="14.824" classname="applicationComponent.Eplanner.IOSAppAc"/>
  <testcase name="closeApplication" time="0.004" classname="applicationComponent.Eplanner.IOSAppAc"/>
</testsuite> <!-- 001_TC_IOS_AppRegistration -->
